c:\users\jmlove\documents\visual studio 2010\projects\advia costs\advia costs\debug\vc100.pdb
c:\users\jmlove\documents\visual studio 2010\projects\advia costs\advia costs\debug\advia.obj
c:\users\jmlove\documents\visual studio 2010\projects\advia costs\advia costs\debug\functions.obj
c:\users\jmlove\documents\visual studio 2010\projects\advia costs\debug\advia costs.ilk
c:\users\jmlove\documents\visual studio 2010\projects\advia costs\debug\advia costs.exe
c:\users\jmlove\documents\visual studio 2010\projects\advia costs\advia costs\debug\advia costs.exe.intermediate.manifest
c:\users\jmlove\documents\visual studio 2010\projects\advia costs\debug\advia costs.pdb
c:\users\jmlove\documents\visual studio 2010\projects\advia costs\advia costs\debug\advia costs.vcxprojresolveassemblyreference.cache
c:\users\jmlove\documents\visual studio 2010\projects\advia costs\advia costs\debug\advia costs.write.1.tlog
c:\users\jmlove\documents\visual studio 2010\projects\advia costs\advia costs\debug\cl.command.1.tlog
c:\users\jmlove\documents\visual studio 2010\projects\advia costs\advia costs\debug\cl.read.1.tlog
c:\users\jmlove\documents\visual studio 2010\projects\advia costs\advia costs\debug\cl.write.1.tlog
c:\users\jmlove\documents\visual studio 2010\projects\advia costs\advia costs\debug\link.command.1.tlog
c:\users\jmlove\documents\visual studio 2010\projects\advia costs\advia costs\debug\link.read.1.tlog
c:\users\jmlove\documents\visual studio 2010\projects\advia costs\advia costs\debug\link.write.1.tlog
c:\users\jmlove\documents\visual studio 2010\projects\advia costs\advia costs\debug\mt.command.1.tlog
c:\users\jmlove\documents\visual studio 2010\projects\advia costs\advia costs\debug\mt.read.1.tlog
c:\users\jmlove\documents\visual studio 2010\projects\advia costs\advia costs\debug\mt.write.1.tlog
c:\users\jmlove\documents\visual studio 2010\projects\advia costs\advia costs\debug\vc100.idb
c:\users\jmlove\documents\visual studio 2010\projects\advia costs\advia costs\debug\advia costs.tlog\cl.command.1.tlog
